<?xml version="1.0" encoding="UTF-8"?>
<testng-results skipped="0" failed="0" total="1" passed="1">
  <reporter-output>
  </reporter-output>
  <suite name="Testng-Regression" duration-ms="30" started-at="2018-08-15T14:14:57Z" finished-at="2018-08-15T14:14:57Z">
    <groups>
    </groups>
    <test name="Test" duration-ms="30" started-at="2018-08-15T14:14:57Z" finished-at="2018-08-15T14:14:57Z">
      <class name="com.vin.auto.learn.TestForJenkins">
        <test-method status="PASS" signature="openBrowser()[pri:0, instance:com.vin.auto.learn.TestForJenkins@396a51ab]" name="openBrowser" is-config="true" duration-ms="8" started-at="2018-08-15T19:44:57Z" finished-at="2018-08-15T19:44:57Z">
          <reporter-output>
          </reporter-output>
        </test-method> <!-- openBrowser -->
        <test-method status="PASS" signature="firstStep()[pri:0, instance:com.vin.auto.learn.TestForJenkins@396a51ab]" name="firstStep" duration-ms="8" started-at="2018-08-15T19:44:57Z" finished-at="2018-08-15T19:44:57Z">
          <reporter-output>
          </reporter-output>
        </test-method> <!-- firstStep -->
        <test-method status="PASS" signature="closeBrowser()[pri:0, instance:com.vin.auto.learn.TestForJenkins@396a51ab]" name="closeBrowser" is-config="true" duration-ms="0" started-at="2018-08-15T19:44:57Z" finished-at="2018-08-15T19:44:57Z">
          <reporter-output>
          </reporter-output>
        </test-method> <!-- closeBrowser -->
      </class> <!-- com.vin.auto.learn.TestForJenkins -->
    </test> <!-- Test -->
  </suite> <!-- Testng-Regression -->
</testng-results>
